
Showing logs for build [32mcb-kubecd-bdd-gh-1585407807-pr-rwc22-1[0m stage [32mfrom-build-pack[0m and container [32mstep-credential-initializer-ch4zf[0m
{"level":"warn","ts":1585408733.4952576,"logger":"fallback-logger","caller":"logging/config.go:69","msg":"Fetch GitHub commit ID from kodata failed: \"ref: refs/heads/0.8.0-**-support-backwards-incompats\" is not a valid GitHub commit ID"}
{"level":"info","ts":1585408733.4957635,"logger":"fallback-logger","caller":"creds-init/main.go:40","msg":"Credentials initialized."}

Showing logs for build [32mcb-kubecd-bdd-gh-1585407807-pr-rwc22-1[0m stage [32mfrom-build-pack[0m and container [32mstep-working-dir-initializer-rzhrr[0m
{"level":"warn","ts":1585408734.3422976,"logger":"fallback-logger","caller":"logging/config.go:69","msg":"Fetch GitHub commit ID from kodata failed: open /var/run/ko/HEAD: no such file or directory"}
{"level":"info","ts":1585408734.3450663,"logger":"fallback-logger","caller":"bash/main.go:64","msg":"Successfully executed command \"sh -c mkdir -p /workspace/source\"; output "}

Showing logs for build [32mcb-kubecd-bdd-gh-1585407807-pr-rwc22-1[0m stage [32mfrom-build-pack[0m and container [32mstep-place-tools[0m

Showing logs for build [32mcb-kubecd-bdd-gh-1585407807-pr-rwc22-1[0m stage [32mfrom-build-pack[0m and container [32mstep-git-source-cb-kubecd-bdd-gh-1585407807-pr-rwc22-jwpjg[0m
{"level":"warn","ts":1585408740.4731314,"logger":"fallback-logger","caller":"logging/config.go:69","msg":"Fetch GitHub commit ID from kodata failed: \"ref: refs/heads/0.8.0-**-support-backwards-incompats\" is not a valid GitHub commit ID"}
{"level":"info","ts":1585408741.6662211,"logger":"fallback-logger","caller":"git/git.go:103","msg":"Successfully cloned https://github.com/cb-kubecd/bdd-gh-1585407807.git @ master in path /workspace/source"}

Showing logs for build [32mcb-kubecd-bdd-gh-1585407807-pr-rwc22-1[0m stage [32mfrom-build-pack[0m and container [32mstep-git-merge[0m
Using SHAs from PULL_REFS=master:93c10ca3c888c16e797fbf6284d6b9de7627c3b3,1:622dc6e443f24667b23027b6b689a5e711092934
DEBUG: LC_ALL=C JX_LOG_LEVEL=error git fetch origin --unshallow 622dc6e443f24667b23027b6b689a5e711092934: 93c10ca3c888c16e797fbf6284d6b9de7627c3b3:
DEBUG: ran git fetch --unshallow origin 622dc6e443f24667b23027b6b689a5e711092934: 93c10ca3c888c16e797fbf6284d6b9de7627c3b3: in 
DEBUG: LC_ALL=C JX_LOG_LEVEL=error git branch
DEBUG: LC_ALL=C JX_LOG_LEVEL=error git checkout master
DEBUG: ran git checkout master in 
DEBUG: LC_ALL=C JX_LOG_LEVEL=error git reset --hard 93c10ca3c888c16e797fbf6284d6b9de7627c3b3
DEBUG: ran git reset --hard 93c10ca3c888c16e797fbf6284d6b9de7627c3b3 in 
DEBUG: LC_ALL=C JX_LOG_LEVEL=error git clean -fd .
DEBUG: ran clean --force -d . in 
DEBUG: LC_ALL=C JX_LOG_LEVEL=error git merge 622dc6e443f24667b23027b6b689a5e711092934
DEBUG: ran git merge 622dc6e443f24667b23027b6b689a5e711092934 in 
DEBUG: LC_ALL=C JX_LOG_LEVEL=error git log --format=%H%x1f%an%x1f%ae%x1f%cn%x1f%ce%x1f%s%n%b%x1e 93c10ca3c888c16e797fbf6284d6b9de7627c3b3..HEAD
Merged SHA 622dc6e443f24667b23027b6b689a5e711092934 with commit message 'My first PR commit' into base branch master

Showing logs for build [32mcb-kubecd-bdd-gh-1585407807-pr-rwc22-1[0m stage [32mfrom-build-pack[0m and container [32mstep-build-make-linux[0m
CGO_ENABLED=0 GOOS=linux GOARCH=amd64 GO15VENDOREXPERIMENT=1 go build -ldflags '' -o bin/bdd-gh-1585407807 main.go

Showing logs for build [32mcb-kubecd-bdd-gh-1585407807-pr-rwc22-1[0m stage [32mfrom-build-pack[0m and container [32mstep-build-container-build[0m
[36mINFO[0m[0000] No base image, nothing to extract            
[36mINFO[0m[0000] cmd: EXPOSE                                  
[36mINFO[0m[0000] Adding exposed port: 8080/tcp                
[36mINFO[0m[0000] Using files from context: [/workspace/source/bin] 
[36mINFO[0m[0000] Skipping unpacking as no commands require it. 
[36mINFO[0m[0000] Taking snapshot of full filesystem...        
[36mINFO[0m[0000] EXPOSE 8080                                  
[36mINFO[0m[0000] cmd: EXPOSE                                  
[36mINFO[0m[0000] Adding exposed port: 8080/tcp                
[36mINFO[0m[0000] No files changed in this command, skipping snapshotting. 
[36mINFO[0m[0000] ENTRYPOINT ["/bdd-gh-1585407807"]            
[36mINFO[0m[0000] No files changed in this command, skipping snapshotting. 
[36mINFO[0m[0000] Using files from context: [/workspace/source/bin] 
[36mINFO[0m[0000] COPY ./bin/ /                                
[36mINFO[0m[0000] Taking snapshot of files...                  
2020/03/28 15:19:18 pushed blob: sha256:edd9d7c132e63fbf2c2af29eb6c675154f3c2d51b8dcf0e6bdd858582917e2ae
2020/03/28 15:19:19 pushed blob: sha256:200e988a5014b634b42515f232bdea1bb39a07d50f5eed6654107e9224e2589f
2020/03/28 15:19:20 gcr.io/jenkins-x-bdd3/bdd-gh-1585407807:0.0.0-SNAPSHOT-PR-1-1: digest: sha256:c246adaa42ee07fffcdd8bb82a69d53bdda62e70e03bda6abf2d925f47316fc4 size: 428

Showing logs for build [32mcb-kubecd-bdd-gh-1585407807-pr-rwc22-1[0m stage [32mfrom-build-pack[0m and container [32mstep-postbuild-post-build[0m
no CVE provider running in the current ** namespace so skip adding image to be analysed

Showing logs for build [32mcb-kubecd-bdd-gh-1585407807-pr-rwc22-1[0m stage [32mfrom-build-pack[0m and container [32mstep-promote-make-preview[0m
sed -i -e "s/version:.*/version: 0.0.0-SNAPSHOT-PR-1-1/" Chart.yaml
sed -i -e "s/version:.*/version: 0.0.0-SNAPSHOT-PR-1-1/" ../*/Chart.yaml
sed -i -e "s|repository:.*|repository: gcr.io\/jenkins-x-bdd3\/bdd-gh-1585407807|" values.yaml
sed -i -e "s/tag:.*/tag: 0.0.0-SNAPSHOT-PR-1-1/" values.yaml
echo "  version: 0.0.0-SNAPSHOT-PR-1-1" >> requirements.yaml
** step helm build
WARNING: No $CHART_REPOSITORY defined so using the default value of: http://jenkins-x-chartmuseum:8080
Adding missing Helm repo: storage.googleapis.com https://storage.googleapis.com/chartmuseum.jenkins-x.io
WARNING: No secrets found on "helm/repos" due: reading the secret "helm/repos" from vault: no secret "helm/repos" not found in vault
Read credentials for https://storage.googleapis.com/chartmuseum.jenkins-x.io from vault helm/repos
Successfully added Helm repository storage.googleapis.com.
Adding missing Helm repo: jenkins-x-chartmuseum http://jenkins-x-chartmuseum:8080
WARNING: No secrets found on "helm/repos" due: reading the secret "helm/repos" from vault: no secret "helm/repos" not found in vault
Read credentials for http://jenkins-x-chartmuseum:8080 from vault helm/repos
Successfully added Helm repository jenkins-x-chartmuseum.
WARNING: No $CHART_REPOSITORY defined so using the default value of: http://jenkins-x-chartmuseum:8080
Adding missing Helm repo: chartmuseum.jenkins-x.io http://chartmuseum.jenkins-x.io
WARNING: No secrets found on "helm/repos" due: reading the secret "helm/repos" from vault: no secret "helm/repos" not found in vault
Read credentials for http://chartmuseum.jenkins-x.io from vault helm/repos
Successfully added Helm repository chartmuseum.jenkins-x.io.

Showing logs for build [32mcb-kubecd-bdd-gh-1585407807-pr-rwc22-1[0m stage [32mfrom-build-pack[0m and container [32mstep-promote-jx-preview[0m
Creating a preview
Created environment cb-kubecd-bdd-gh-1585407807-pr-1
Namespace **-cb-kubecd-bdd-gh-1585407807-pr-1 created 
expose:
  Annotations:
    helm.sh/hook: post-install,post-upgrade
    helm.sh/hook-delete-policy: hook-succeeded
  config:
    domain: c**d12.bdd.jenkins-x.rocks
    exposer: Ingress
    http: "true"
preview:
  image:
    repository: gcr.io/jenkins-x-bdd3/bdd-gh-1585407807
    tag: 0.0.0-SNAPSHOT-PR-1-1

Updating PipelineActivities cb-kubecd-bdd-gh-1585407807-pr-1-1 which has status Running
WARNING: preview application http://bdd-gh-1585407807.**-cb-kubecd-bdd-gh-1585407807-pr-1.c**d12.bdd.jenkins-x.rocks not available, error was Get http://bdd-gh-1585407807.**-cb-kubecd-bdd-gh-1585407807-pr-1.c**d12.bdd.jenkins-x.rocks: dial tcp: lookup bdd-gh-1585407807.**-cb-kubecd-bdd-gh-1585407807-pr-1.c**d12.bdd.jenkins-x.rocks on 10.23.240.10:53: no such host, delaying for: 1.283034974s
WARNING: preview application http://bdd-gh-1585407807.**-cb-kubecd-bdd-gh-1585407807-pr-1.c**d12.bdd.jenkins-x.rocks not available, error was Get http://bdd-gh-1585407807.**-cb-kubecd-bdd-gh-1585407807-pr-1.c**d12.bdd.jenkins-x.rocks: dial tcp: lookup bdd-gh-1585407807.**-cb-kubecd-bdd-gh-1585407807-pr-1.c**d12.bdd.jenkins-x.rocks on 10.23.240.10:53: no such host, delaying for: 956.706092ms
WARNING: preview application http://bdd-gh-1585407807.**-cb-kubecd-bdd-gh-1585407807-pr-1.c**d12.bdd.jenkins-x.rocks not available, error was Get http://bdd-gh-1585407807.**-cb-kubecd-bdd-gh-1585407807-pr-1.c**d12.bdd.jenkins-x.rocks: dial tcp: lookup bdd-gh-1585407807.**-cb-kubecd-bdd-gh-1585407807-pr-1.c**d12.bdd.jenkins-x.rocks on 10.23.240.10:53: no such host, delaying for: 1.345569468s
WARNING: preview application http://bdd-gh-1585407807.**-cb-kubecd-bdd-gh-1585407807-pr-1.c**d12.bdd.jenkins-x.rocks not available, error was Get http://bdd-gh-1585407807.**-cb-kubecd-bdd-gh-1585407807-pr-1.c**d12.bdd.jenkins-x.rocks: dial tcp: lookup bdd-gh-1585407807.**-cb-kubecd-bdd-gh-1585407807-pr-1.c**d12.bdd.jenkins-x.rocks on 10.23.240.10:53: no such host, delaying for: 4.050971572s
WARNING: preview application http://bdd-gh-1585407807.**-cb-kubecd-bdd-gh-1585407807-pr-1.c**d12.bdd.jenkins-x.rocks not available, error was Get http://bdd-gh-1585407807.**-cb-kubecd-bdd-gh-1585407807-pr-1.c**d12.bdd.jenkins-x.rocks: dial tcp: lookup bdd-gh-1585407807.**-cb-kubecd-bdd-gh-1585407807-pr-1.c**d12.bdd.jenkins-x.rocks on 10.23.240.10:53: no such host, delaying for: 2.640264778s
WARNING: preview application http://bdd-gh-1585407807.**-cb-kubecd-bdd-gh-1585407807-pr-1.c**d12.bdd.jenkins-x.rocks not available, error was Get http://bdd-gh-1585407807.**-cb-kubecd-bdd-gh-1585407807-pr-1.c**d12.bdd.jenkins-x.rocks: dial tcp: lookup bdd-gh-1585407807.**-cb-kubecd-bdd-gh-1585407807-pr-1.c**d12.bdd.jenkins-x.rocks on 10.23.240.10:53: no such host, delaying for: 7.589083593s
WARNING: preview application http://bdd-gh-1585407807.**-cb-kubecd-bdd-gh-1585407807-pr-1.c**d12.bdd.jenkins-x.rocks not available, error was Get http://bdd-gh-1585407807.**-cb-kubecd-bdd-gh-1585407807-pr-1.c**d12.bdd.jenkins-x.rocks: dial tcp: lookup bdd-gh-1585407807.**-cb-kubecd-bdd-gh-1585407807-pr-1.c**d12.bdd.jenkins-x.rocks on 10.23.240.10:53: no such host, delaying for: 6.520544564s
WARNING: preview application http://bdd-gh-1585407807.**-cb-kubecd-bdd-gh-1585407807-pr-1.c**d12.bdd.jenkins-x.rocks not available, error was Get http://bdd-gh-1585407807.**-cb-kubecd-bdd-gh-1585407807-pr-1.c**d12.bdd.jenkins-x.rocks: dial tcp: lookup bdd-gh-1585407807.**-cb-kubecd-bdd-gh-1585407807-pr-1.c**d12.bdd.jenkins-x.rocks on 10.23.240.10:53: no such host, delaying for: 10.199180659s
WARNING: preview application http://bdd-gh-1585407807.**-cb-kubecd-bdd-gh-1585407807-pr-1.c**d12.bdd.jenkins-x.rocks not available, error was Get http://bdd-gh-1585407807.**-cb-kubecd-bdd-gh-1585407807-pr-1.c**d12.bdd.jenkins-x.rocks: dial tcp: lookup bdd-gh-1585407807.**-cb-kubecd-bdd-gh-1585407807-pr-1.c**d12.bdd.jenkins-x.rocks on 10.23.240.10:53: no such host, delaying for: 37.600023335s
WARNING: preview application http://bdd-gh-1585407807.**-cb-kubecd-bdd-gh-1585407807-pr-1.c**d12.bdd.jenkins-x.rocks not available, error was Get http://bdd-gh-1585407807.**-cb-kubecd-bdd-gh-1585407807-pr-1.c**d12.bdd.jenkins-x.rocks: dial tcp: lookup bdd-gh-1585407807.**-cb-kubecd-bdd-gh-1585407807-pr-1.c**d12.bdd.jenkins-x.rocks on 10.23.240.10:53: no such host, delaying for: 35.856053632s
WARNING: preview application http://bdd-gh-1585407807.**-cb-kubecd-bdd-gh-1585407807-pr-1.c**d12.bdd.jenkins-x.rocks not available, error was Get http://bdd-gh-1585407807.**-cb-kubecd-bdd-gh-1585407807-pr-1.c**d12.bdd.jenkins-x.rocks: dial tcp: lookup bdd-gh-1585407807.**-cb-kubecd-bdd-gh-1585407807-pr-1.c**d12.bdd.jenkins-x.rocks on 10.23.240.10:53: no such host, delaying for: 29.275456602s
Preview application is now available at: http://bdd-gh-1585407807.**-cb-kubecd-bdd-gh-1585407807-pr-1.c**d12.bdd.jenkins-x.rocks
